<?xml version="1.0" encoding="UTF-8"?>
<!-- Generated by org.testng.reporters.JUnitXMLReporter -->
<testsuite ignored="0" hostname="CT00754" failures="1" tests="1" name="Errorvalidation" time="10.682" errors="0" timestamp="2023-07-04T11:36:30 IST">
  <testcase classname="Clarion.Maven_Project.Errorvalidation" name="order" time="2.082">
    <failure type="java.lang.AssertionError" message="expected [Incorrect email or password.] but found [Incorrect emai or password.]">
      <![CDATA[java.lang.AssertionError: expected [Incorrect email or password.] but found [Incorrect emai or password.]
at Clarion.Maven_Project.Errorvalidation.order(Errorvalidation.java:24)
at java.base/java.util.ArrayList.forEach(ArrayList.java:1511)
... Removed 31 stack frames]]>
    </failure>
  </testcase> <!-- order -->
</testsuite> <!-- Errorvalidation -->
