<?xml version="1.0" encoding="UTF-8"?>
<!-- Generated by org.testng.reporters.JUnitXMLReporter -->
<testsuite ignored="0" hostname="CT00754" failures="1" tests="2" name="Test" time="8.864" errors="0" timestamp="2023-07-17T20:00:43 IST">
  <testcase classname="Clarion.Maven_Project.EndtoEnd" name="order" time="2.553">
    <failure type="java.lang.Error" message="Unresolved compilation problem: 
	Lambda expressions are allowed only at source level 1.8 or above
">
      <![CDATA[java.lang.Error: Unresolved compilation problem: 
Lambda expressions are allowed only at source level 1.8 or above

at pageObjects.ProductCatlog.getbyproductname(ProductCatlog.java:42)
at pageObjects.ProductCatlog.Addprodtocart(ProductCatlog.java:52)
at Clarion.Maven_Project.EndtoEnd.order(EndtoEnd.java:61)
at java.base/java.util.ArrayList.forEach(ArrayList.java:1511)
... Removed 25 stack frames]]>
    </failure>
  </testcase> <!-- order -->
  <testcase classname="Clarion.Maven_Project.EndtoEnd" name="Orderhistorytest" time="0.0">
    <skipped/>
  </testcase> <!-- Orderhistorytest -->
</testsuite> <!-- Test -->
