<?xml version="1.0" encoding="UTF-8"?>
<testng-results ignored="0" total="2" passed="2" failed="0" skipped="0">
  <reporter-output>
  </reporter-output>
  <suite started-at="2023-07-14T15:22:04 IST" name="Suite" finished-at="2023-07-14T15:22:28 IST" duration-ms="24184">
    <groups>
    </groups>
    <test started-at="2023-07-14T15:22:04 IST" name="EndtoEnd" finished-at="2023-07-14T15:22:28 IST" duration-ms="24184">
      <class name="Clarion.Maven_Project.EndtoEnd">
        <test-method is-config="true" signature="initilizedriver()[pri:0, instance:Clarion.Maven_Project.EndtoEnd@471a9022]" started-at="2023-07-14T15:22:04 IST" name="initilizedriver" finished-at="2023-07-14T15:22:08 IST" duration-ms="3910" status="PASS">
          <reporter-output>
          </reporter-output>
        </test-method> <!-- initilizedriver -->
        <test-method signature="order(java.lang.String,java.lang.String,java.lang.String)[pri:0, instance:Clarion.Maven_Project.EndtoEnd@471a9022]" started-at="2023-07-14T15:22:08 IST" name="order" data-provider="getdata" finished-at="2023-07-14T15:22:20 IST" duration-ms="12149" status="PASS">
          <params>
            <param index="0">
              <value>
                <![CDATA[Rahul@123.com]]>
              </value>
            </param>
            <param index="1">
              <value>
                <![CDATA[@123123abcA]]>
              </value>
            </param>
            <param index="2">
              <value>
                <![CDATA[ZARA COAT 3]]>
              </value>
            </param>
          </params>
          <reporter-output>
          </reporter-output>
        </test-method> <!-- order -->
        <test-method is-config="true" signature="close()[pri:0, instance:Clarion.Maven_Project.EndtoEnd@471a9022]" started-at="2023-07-14T15:22:20 IST" name="close" finished-at="2023-07-14T15:22:20 IST" duration-ms="197" status="PASS">
          <reporter-output>
          </reporter-output>
        </test-method> <!-- close -->
        <test-method is-config="true" signature="initilizedriver()[pri:0, instance:Clarion.Maven_Project.EndtoEnd@471a9022]" started-at="2023-07-14T15:22:20 IST" name="initilizedriver" finished-at="2023-07-14T15:22:23 IST" duration-ms="2769" status="PASS">
          <reporter-output>
          </reporter-output>
        </test-method> <!-- initilizedriver -->
        <test-method signature="Orderhistorytest(java.lang.String,java.lang.String,java.lang.String)[pri:0, instance:Clarion.Maven_Project.EndtoEnd@471a9022]" started-at="2023-07-14T15:22:23 IST" name="Orderhistorytest" data-provider="getdata" finished-at="2023-07-14T15:22:28 IST" depends-on-methods="Clarion.Maven_Project.EndtoEnd.order" duration-ms="4922" status="PASS">
          <params>
            <param index="0">
              <value>
                <![CDATA[Rahul@123.com]]>
              </value>
            </param>
            <param index="1">
              <value>
                <![CDATA[@123123abcA]]>
              </value>
            </param>
            <param index="2">
              <value>
                <![CDATA[ZARA COAT 3]]>
              </value>
            </param>
          </params>
          <reporter-output>
          </reporter-output>
        </test-method> <!-- Orderhistorytest -->
        <test-method is-config="true" signature="close()[pri:0, instance:Clarion.Maven_Project.EndtoEnd@471a9022]" started-at="2023-07-14T15:22:28 IST" name="close" finished-at="2023-07-14T15:22:28 IST" duration-ms="182" status="PASS">
          <reporter-output>
          </reporter-output>
        </test-method> <!-- close -->
      </class> <!-- Clarion.Maven_Project.EndtoEnd -->
    </test> <!-- EndtoEnd -->
  </suite> <!-- Suite -->
</testng-results>
