<?xml version="1.0" encoding="UTF-8"?>
<testng-results ignored="0" total="2" passed="2" failed="0" skipped="0">
  <reporter-output>
  </reporter-output>
  <suite started-at="2023-07-17T18:58:54 IST" name="Suite" finished-at="2023-07-17T18:59:20 IST" duration-ms="26084">
    <groups>
    </groups>
    <test started-at="2023-07-17T18:58:54 IST" name="Test" finished-at="2023-07-17T18:59:20 IST" duration-ms="26084">
      <class name="Clarion.Maven_Project.EndtoEnd">
        <test-method is-config="true" signature="initilizedriver()[pri:0, instance:Clarion.Maven_Project.EndtoEnd@7905a0b8]" started-at="2023-07-17T18:58:54 IST" name="initilizedriver" finished-at="2023-07-17T18:58:58 IST" duration-ms="4408" status="PASS">
          <reporter-output>
          </reporter-output>
        </test-method> <!-- initilizedriver -->
        <test-method signature="order(java.lang.String,java.lang.String,java.lang.String)[pri:0, instance:Clarion.Maven_Project.EndtoEnd@7905a0b8]" started-at="2023-07-17T18:58:58 IST" name="order" data-provider="getdata" finished-at="2023-07-17T18:59:12 IST" duration-ms="13361" status="PASS">
          <params>
            <param index="0">
              <value>
                <![CDATA[Rahul@123.com]]>
              </value>
            </param>
            <param index="1">
              <value>
                <![CDATA[@123123abcA]]>
              </value>
            </param>
            <param index="2">
              <value>
                <![CDATA[ZARA COAT 3]]>
              </value>
            </param>
          </params>
          <reporter-output>
          </reporter-output>
        </test-method> <!-- order -->
        <test-method is-config="true" signature="close()[pri:0, instance:Clarion.Maven_Project.EndtoEnd@7905a0b8]" started-at="2023-07-17T18:59:12 IST" name="close" finished-at="2023-07-17T18:59:12 IST" duration-ms="210" status="PASS">
          <reporter-output>
          </reporter-output>
        </test-method> <!-- close -->
        <test-method is-config="true" signature="initilizedriver()[pri:0, instance:Clarion.Maven_Project.EndtoEnd@7905a0b8]" started-at="2023-07-17T18:59:12 IST" name="initilizedriver" finished-at="2023-07-17T18:59:15 IST" duration-ms="3031" status="PASS">
          <reporter-output>
          </reporter-output>
        </test-method> <!-- initilizedriver -->
        <test-method signature="Orderhistorytest(java.lang.String,java.lang.String,java.lang.String)[pri:0, instance:Clarion.Maven_Project.EndtoEnd@7905a0b8]" started-at="2023-07-17T18:59:15 IST" name="Orderhistorytest" data-provider="getdata" finished-at="2023-07-17T18:59:20 IST" depends-on-methods="Clarion.Maven_Project.EndtoEnd.order" duration-ms="4745" status="PASS">
          <params>
            <param index="0">
              <value>
                <![CDATA[Rahul@123.com]]>
              </value>
            </param>
            <param index="1">
              <value>
                <![CDATA[@123123abcA]]>
              </value>
            </param>
            <param index="2">
              <value>
                <![CDATA[ZARA COAT 3]]>
              </value>
            </param>
          </params>
          <reporter-output>
          </reporter-output>
        </test-method> <!-- Orderhistorytest -->
        <test-method is-config="true" signature="close()[pri:0, instance:Clarion.Maven_Project.EndtoEnd@7905a0b8]" started-at="2023-07-17T18:59:20 IST" name="close" finished-at="2023-07-17T18:59:20 IST" duration-ms="240" status="PASS">
          <reporter-output>
          </reporter-output>
        </test-method> <!-- close -->
      </class> <!-- Clarion.Maven_Project.EndtoEnd -->
    </test> <!-- Test -->
  </suite> <!-- Suite -->
</testng-results>
